l 0xfc9d5d 0xbfe9d3b0 31
l 0xfc9d62 0xbfe9d058 0
s 0xfc9d62 0xbfe9d058 0
l 0xfc9d6b 0xbfe9d3b4 0
l 0xfc9d6d 0xbfe9d054 0
s 0xfc9d6d 0xbfe9d054 0
l 0xfc9d5d 0xbfe9d3b8 15
l 0xfc9d62 0xbfe9d058 0
s 0xfc9d62 0xbfe9d058 0
l 0xfc9d6b 0xbfe9d3bc 0
l 0xfc9d6d 0xbfe9d054 0
s 0xfc9d6d 0xbfe9d054 0
s 0xfc9e7d 0xbfe9d054 13
l 0xfc9e83 0xbfe9d3c0 0
s 0xfc9e86 0xfd0f0c 0
l 0xfc9e8c 0xbfe9d3bc 0
l 0xfc9e5d 0xbfe9d3c8 21
l 0xfc9e62 0xbfe9d054 0
s 0xfc9e62 0xbfe9d054 0
l 0xfc9e6b 0xbfe9d3cc 0
s 0xfc9e6d 0xfd0cac 0
l 0xfcc0b2 0xbfe9d038 10
l 0xfcc0c6 0xbfe9d034 3
s 0xfc9a6b 0xbfe9d04c 13
l 0xfc9a71 0xbfe9d04c 0
s 0xfc9a7b 0xbfe9d048 0
s 0xfc9a81 0xbfe9d044 0
l 0xfc9a87 0xbfe9d0ee 0
l 0xfc9aa9 0xbfe9d0ef 6
l 0xfc9ac6 0xbfe9d048 9
s 0xfc9ac6 0xbfe9d048 0
l 0xfc9ad0 0xbfe9d044 0
s 0xfc9ad0 0xbfe9d044 0
l 0xfc9ad6 0xbfe9d048 0
s 0xfc9ad6 0xbfe9d048 0
l 0xfc9ae5 0xbfe9d0f0 5
l 0xfc9aa9 0xbfe9d0f1 4
l 0xfc9ac6 0xbfe9d048 9
s 0xfc9ac6 0xbfe9d048 0
l 0xfc9ad0 0xbfe9d044 0
s 0xfc9ad0 0xbfe9d044 0
l 0xfc9ad6 0xbfe9d048 0
s 0xfc9ad6 0xbfe9d048 0
l 0xfc9ae5 0xbfe9d0f2 5
l 0xfc9aa9 0xbfe9d0f3 4
l 0xfc9ac6 0xbfe9d048 9
s 0xfc9ac6 0xbfe9d048 0
l 0xfc9ad0 0xbfe9d044 0
s 0xfc9ad0 0xbfe9d044 0
l 0xfc9ad6 0xbfe9d048 0
s 0xfc9ad6 0xbfe9d048 0
l 0xfc9f0b 0xbfe9d0f4 1
l 0xfc9cfb 0xbfe9d0f4 4
l 0xfc9d01 0xbfe9d0f5 6
l 0xfc9d01 0xbfe9d0f6 6
l 0xfc9d01 0xbfe9d0f7 6
l 0xfc9d01 0xbfe9d0f8 6
l 0xfc9d01 0xbfe9d0f9 6
l 0xfc9d01 0xbfe9d0fa 6
l 0xfc9d01 0xbfe9d0fb 6
l 0xfc9d01 0xbfe9d0fc 6
l 0xfc9d01 0xbfe9d0fd 6
l 0xfc9d01 0xbfe9d0fe 6
l 0xfc9d01 0xbfe9d0ff 6
l 0xfc9d01 0xbfe9d100 6
l 0xfc9d01 0xbfe9d101 6
l 0xfc9afd 0xbfe9d044 1
l 0xfc9b1c 0xbfe9d048 1
l 0xfc9b2c 0xbfe9d054 3
l 0xfc9b33 0xbfe9d048 0
s 0xfc9b39 0xfd0ca8 0
l 0xfc9b99 0xfd0ca4 2
l 0xfc9bae 0xfd0e28 11
l 0xfc9bb4 0xbfe9d050 0
l 0xfc9bc1 0xbfe9d050 0
l 0xfc9bcd 0xfd0e24 0
s 0xfc9bd4 0xfd0e24 0
s 0xfc9bda 0xbfe9d038 0
s 0xfc9be1 0xbfe9d034 0
s 0xfcac20 0xbfe9d030 4
s 0xfcac23 0xbfe9d02c 0
l 0xfcac24 0xbfe9d038 0
s 0xfcac27 0xbfe9d028 0
l 0xfcca7b 0xbfe9d028 1
l 0xfcca7e 0xbfe9d028 0
s 0xfcac3d 0xfd14bc 8
l 0xfcac49 0xbfe9d02c 3
l 0xfcac4c 0xbfe9d030 0
l 0xfcac4d 0xbfe9d034 0
l 0xfc9be6 0xfd0ca4 7
l 0xfc9bec 0xfd14bc 0
l 0xfc9c08 0xfd0cac 4
l 0xfc9c12 0xbfe9d3db 1
s 0xfc9c25 0xbfe9d038 3
s 0xfc9c28 0xbfe9d034 0
l 0xfcc5f0 0xbfe9d038 3
l 0xfcc5fb 0xbfe9d3db 1
l 0xfcc623 0xbfe9d3dc 6
l 0xfcc69a 0xbfe9d038 10
l 0xfcc69e 0xbfe9d034 0
s 0xfc9c2d 0xfd0cb0 2
s 0xfc9c33 0xbfe9d038 0
s 0xfc9c3a 0xbfe9d034 0
s 0xfcac70 0xbfe9d030 6
s 0xfcac76 0xbfe9d024 0
s 0xfcac79 0xbfe9d02c 0
l 0xfcac7c 0xbfe9d038 0
s 0xfcac7f 0xbfe9d01c 0
l 0xfcca7b 0xbfe9d01c 1
l 0xfcca7e 0xbfe9d01c 0
s 0xfcac8a 0xbfe9d028 4
l 0xfcac8d 0xfd14bc 0
l 0xfcac97 0xfd14ac 2
l 0xfcacc2 0xbfe9d024 9
l 0xfcacc7 0xbfe9d028 0
l 0xfcacca 0xbfe9d02c 0
l 0xfcaccf 0xbfe9d030 0
l 0xfcacd0 0xbfe9d034 0
l 0xfc9c47 0xfd0f0c 4
l 0xfc9c55 0xbfe9d060 6
l 0xfc9c61 0xbfe9d064 0
s 0xfc9c67 0xbfe9d040 0
s 0xfc9c6b 0xbfe9d03c 0
s 0xfc9c6f 0xbfe9d038 0
l 0xfc9c72 0xbfe9d254 0
s 0xfc9c72 0xbfe9d034 0
s 0xfbb4b0 0xbfe9d030 6
s 0xfbb4b3 0xbfe9d02c 0
s 0xfbb4b4 0xbfe9d028 0
s 0xfbb4b5 0xbfe9d024 0
s 0xfbb4bc 0xbfe9cd38 0
l 0xfcca7b 0xbfe9cd38 1
l 0xfcca7e 0xbfe9cd38 0
s 0xfbb4c7 0xbfe9cf2f 27
s 0xfbb4da 0xfd11bc 0
l 0xfbb4e0 0xfd14d0 0
s 0xfbb4ec 0xfd1404 0
l 0xfbb4f2 0xfd0f0c 0
s 0xfbb4fe 0xfd1434 0
s 0xfbb50c 0xbfe9cf88 0
s 0xfbb518 0xfd1400 0
s 0xfbb522 0xfd140c 0
s 0xfbb52b 0xbfe9cf2e 0
s 0xfbb532 0xbfe9cf2d 0
s 0xfbb539 0xbfe9cf20 0
s 0xfbb53f 0xbfe9cf1c 0
s 0xfbb548 0xfd0e0c 0
s 0xfbb554 0xbfe9cd38 0
s 0xfca5d0 0xbfe9cd34 8
s 0xfca5d5 0xbfe9cd30 0
l 0xfca5d6 0xbfe9cf88 0
l 0xfca5da 0xbfe9d2cc 0
l 0xfca5e0 0xbff4e995 1
l 0xfca5e8 0xbfe9d2d0 3
l 0xfca5e0 0xbff4e9b1 1
l 0xfca5e8 0xbfe9d2d4 3
l 0xfca5e0 0xbff4e9e7 1
l 0xfca5e8 0xbfe9d2d8 3
l 0xfca5e0 0xbff4e9f2 1
l 0xfca5e8 0xbfe9d2dc 3
l 0xfca5e0 0xbff4ea02 1
l 0xfca5e8 0xbfe9d2e0 3
l 0xfca5e0 0xbff4ea0f 1
l 0xfca5e8 0xbfe9d2e4 3
l 0xfca5e0 0xbff4ea37 1
l 0xfca5e8 0xbfe9d2e8 3
l 0xfca5e0 0xbff4ea4d 1
l 0xfca5e8 0xbfe9d2ec 3
l 0xfca5e0 0xbff4ea60 1
l 0xfca5e8 0xbfe9d2f0 3
l 0xfca5e0 0xbff4ea6e 1
l 0xfca5f3 0xbff4ea6f 1
l 0xfca5e8 0xbfe9d2f4 3
l 0xfca5e0 0xbff4ec31 1
l 0xfca5e8 0xbfe9d2f8 3
l 0xfca5e0 0xbff4ec3d 1
l 0xfca5e8 0xbfe9d2fc 3
l 0xfca5e0 0xbff4ec48 1
l 0xfca5e8 0xbfe9d300 3
l 0xfca5e0 0xbff4ec66 1
l 0xfca5e8 0xbfe9d304 3
l 0xfca5e0 0xbff4ed02 1
l 0xfca5e8 0xbfe9d308 3
l 0xfca5e0 0xbff4ed17 1
l 0xfca5e8 0xbfe9d30c 3
l 0xfca5e0 0xbff4ed60 1
l 0xfca5e8 0xbfe9d310 3
l 0xfca5e0 0xbff4ed80 1
l 0xfca5e8 0xbfe9d314 3
l 0xfca5e0 0xbff4ed8a 1
l 0xfca5f3 0xbff4ed8b 1
l 0xfca5e8 0xbfe9d318 3
l 0xfca5e0 0xbff4edf4 1
l 0xfca5e8 0xbfe9d31c 3
l 0xfca5e0 0xbff4ee27 1
l 0xfca5e8 0xbfe9d320 3
l 0xfca5e0 0xbff4ee96 1
l 0xfca5e8 0xbfe9d324 3
l 0xfca5e0 0xbff4ee9e 1
l 0xfca5e8 0xbfe9d328 3
l 0xfca5e0 0xbff4eeb2 1
l 0xfca5f3 0xbff4eeb3 1
l 0xfca5e8 0xbfe9d32c 3
l 0xfca5e0 0xbff4eeca 1
l 0xfca5f3 0xbff4eecb 1
l 0xfca5e8 0xbfe9d330 3
l 0xfca5e0 0xbff4eedb 1
l 0xfca5e8 0xbfe9d334 3
l 0xfca5e0 0xbff4eeeb 1
l 0xfca5e8 0xbfe9d338 3
l 0xfca5e0 0xbff4eef5 1
l 0xfca5e8 0xbfe9d33c 3
l 0xfca5e0 0xbff4ef37 1
l 0xfca5f3 0xbff4ef38 1
l 0xfca5e8 0xbfe9d340 3
l 0xfca5e0 0xbff4ef59 1
l 0xfca5e8 0xbfe9d344 3
l 0xfca5e0 0xbff4ef95 1
l 0xfca5e8 0xbfe9d348 3
l 0xfca5e0 0xbff4efaa 1
l 0xfca5e8 0xbfe9d34c 3
l 0xfca5e0 0xbff4efb7 1
l 0xfca5e8 0xbfe9d350 3
l 0xfca5f0 0xbfe9cd30 3
l 0xfca5f1 0xbfe9cd34 0
l 0xfca5f2 0xbfe9cd38 0
s 0xfbb559 0xbfe9cf24 2
l 0xfbb5bf 0xfd0f0c 4
l 0xfbb5c5 0xbfe9cf20 0
s 0xfbb5cd 0xbfe9cf90 0
l 0xfbb5d9 0xfd0ee4 7
l 0xfbb5e6 0xbfe9cf1c 0
l 0xfbb5f8 0xbfe9d040 3
l 0xfbb601 0xbfe9d068 0
s 0xfbb609 0xbfe9cd3c 8
s 0xfbb614 0xbfe9cd40 0
s 0xfbb620 0xbfe9cd44 0
s 0xfbb626 0xbfe9cd38 0
s 0xfc35a0 0xbfe9cd34 6
s 0xfc35a3 0xbfe9cd30 0
s 0xfc35a4 0xbfe9cd2c 0
s 0xfc35a5 0xbfe9cd28 0
s 0xfc35a9 0xbfe9ccf8 0
l 0xfcca7b 0xbfe9ccf8 1
l 0xfcca7e 0xbfe9ccf8 0
s 0xfc35b4 0xbfe9cd20 5
s 0xfc35b7 0xbfe9cd1c 0
s 0xfc35ba 0xbfe9ccfc 0
s 0xfc35bd 0xbfe9cd24 0
s 0xfc35c0 0xbfe9ccf8 0
l 0xfcc5f0 0xbfe9ccfc 3
l 0xfcc5fb 0xfcd852 1
l 0xfcc69a 0xbfe9ccfc 1
l 0xfcc69e 0xbfe9ccf8 0
s 0xfc35d2 0xbfe9cd14 6
s 0xfc35d5 0xbfe9cd00 0
s 0xfc35d9 0xbfe9ccfc 0
s 0xfc35dc 0xbfe9ccf8 0
l 0xfba76c 0xfd0fe8 0
s 0xfca910 0xbfe9ccf4 6
s 0xfca913 0xbfe9ccf0 0
l 0xfca917 0xbfe9cd00 0
l 0xfca91a 0xbfe9ccfc 0
s 0xfca91d 0xbfe9cce8 0
l 0xfcca7b 0xbfe9cce8 1
l 0xfcca7e 0xbfe9cce8 0
s 0xfca92b 0xbfe9ccec 3
s 0xfca92e 0xbfe9cce8 0
l 0xfba75c 0xfd0fe4 0
s 0xfca8e0 0xbfe9cce4 5
s 0xfca8e3 0xbfe9cce0 0
l 0xfca8e7 0xbfe9ccec 0
s 0xfca8ea 0xbfe9ccd4 0
l 0xfcca7b 0xbfe9ccd4 1
l 0xfcca7e 0xbfe9ccd4 0
s 0xfca8f5 0xbfe9ccd8 3
s 0xfca8fc 0xbfe9ccdc 0
s 0xfca900 0xbfe9ccd4 0
l 0xfba74c 0xfd0fe0 0
s 0xfca7e0 0xbfe9ccd0 8
s 0xfca7e6 0xbfe9ccc4 0
s 0xfca7e9 0xbfe9ccc8 0
l 0xfca7ec 0xbfe9ccd8 0
s 0xfca7ef 0xbfe9cccc 0
l 0xfca7f2 0xbfe9ccdc 0
s 0xfca7f5 0xbfe9cca8 0
l 0xfcca7b 0xbfe9cca8 1
l 0xfcca7e 0xbfe9cca8 0
l 0xfca800 0xfd14b4 3
l 0xfca80a 0xfd0ca4 11
s 0xfca829 0xfd14b4 0
s 0xfca833 0xfd14b8 9
s 0xfca83e 0xfd14b0 0
l 0xfca844 0xbfe9ccc4 0
l 0xfca847 0xbfe9ccc8 0
l 0xfca84a 0xbfe9cccc 0
l 0xfca84f 0xbfe9ccd0 0
l 0xfca850 0xbfe9ccd4 0
l 0xfca908 0xbfe9cce0 3
l 0xfca909 0xbfe9cce4 0
l 0xfca90a 0xbfe9cce8 0
l 0xfca933 0xbfe9ccec 3
l 0xfca934 0xbfe9ccf0 0
l 0xfca935 0xbfe9ccf4 0
l 0xfca936 0xbfe9ccf8 0
s 0xfc35ed 0xfd150c 13
l 0xfc35f0 0xbfe9cd14 0
s 0xfc35f9 0xfd1514 0
l 0xfc35fc 0xbfe9cd20 0
s 0xfc3605 0xbfe9ccfc 0
s 0xfc3608 0xbfe9cd04 0
s 0xfc360c 0xbfe9cd00 0
s 0xfc3610 0xbfe9ccf8 0
l 0xfcca10 0xbfe9cd04 7
l 0xfcca16 0xbfe9ccfc 0
l 0xfcca1c 0xbfe9cd00 0
l 0xfcca25 0xfcd852 2
s 0xfcca25 0xfd1744 0
l 0xfcca2c 0xfcd853 4
s 0xfcca2c 0xfd1745 0
l 0xfcca32 0xbfe9ccfc 0
l 0xfcca36 0xbfe9ccf8 0
s 0xfc3615 0xfd1740 24
l 0xfc361c 0xbfe9cd1c 0
l 0xfc3620 0xbfe9cd24 0
s 0xfc3623 0xfd1738 0
l 0xfc3629 0xbfe9cd3c 0
l 0xfc362c 0xfd1678 0
s 0xfc3636 0xfd14fc 0
s 0xfc3640 0xfd1660 0
s 0xfc364e 0xfd1678 0
l 0xfc3654 0xbfe9cd44 0
s 0xfc3657 0xfd16b4 0
s 0xfc3663 0xfd1510 0
s 0xfc366c 0xfd16b8 0
l 0xfc3672 0xfd1000 0
s 0xfc3675 0xbfe9cd18 0
s 0xfc3684 0xfd1000 8
l 0xfc3687 0xbfe9cd44 0
l 0xfc368a 0xbfe9cd3c 0
l 0xfc3690 0xfd1004 0
s 0xfc3690 0xfd1004 0
l 0xfc3697 0xfd1198 0
s 0xfc3697 0xfd1198 0
l 0xfc369e 0xfd119c 0
s 0xfc369e 0xfd119c 0
s 0xfc36ad 0xbfe9cd3c 5
l 0xfc36b0 0xbfe9cd18 0
l 0xfc36b3 0xbfe9cd3c 0
l 0xfc36c4 0xbfe9cd40 5
s 0xfc36c4 0xbfe9cd40 0
l 0xfc36ca 0xbfe9cd18 0
l 0xfc36d1 0xbfe9cd40 0
l 0xfc36e2 0xbfe9cd18 8
s 0xfc36e5 0xfd16a4 0
l 0xfc36e8 0xbfe9cd24 0
s 0xfc36f1 0xfd16bc 0
l 0xfc36f7 0xfcd852 0
s 0xfc36fc 0xbfe9cd13 0
l 0xfc3790 0xbfe9cd28 6
l 0xfc3791 0xbfe9cd2c 0
l 0xfc3792 0xbfe9cd30 0
l 0xfc3793 0xbfe9cd34 0
l 0xfc3794 0xbfe9cd38 0
l 0xfbb62b 0xfd1000 4
s 0xfbb636 0xbfe9cf34 0
l 0xfbb642 0xbfe9d040 20
l 0xfbb645 0xbfe9cf34 0
l 0xfbb64b 0xbfe9d03c 0
l 0xfbb64e 0xbfe9d038 0
l 0xfbb651 0xbfe9d068 0
s 0xfbb653 0xfd164c 0
s 0xfbb65a 0xfd1644 0
s 0xfbb660 0xfd1648 0
l 0xfbb666 0xbfe9cf34 0
l 0xfbb670 0xbfe9d03c 0
s 0xfbb678 0xfd16a0 0
l 0xfbb67e 0xbfe9d038 0
l 0xfbb684 0xfd1674 0
s 0xfbb684 0xfd1674 0
s 0xfbb68a 0xfd169c 0
s 0xfbb692 0xfd1698 0
l 0xfbb6cc 0x8048034 4
l 0xfbb754 0x804803c 5
l 0xfbb757 0xbfe9d038 0
l 0xfbb75a 0xbfe9cf34 0
s 0xfbb762 0xfd14f8 0
l 0xfbb6b6 0xbfe9d03c 6
l 0xfbb6bc 0xbfe9d038 0
l 0xfbb6cc 0x8048054 2
l 0xfbbf75 0xbfe9cf34 15
l 0xfbbf81 0x804805c 0
s 0xfbbf84 0xfd11dc 0
l 0xfbbf8a 0xfd14f8 0
l 0xfbbf8c 0xfd11c8 0
s 0xfbbf96 0xfd1444 0
s 0xfbbfca 0xbfe9cf2f 1
l 0xfbb6b6 0xbfe9d03c 6
l 0xfbb6bc 0xbfe9d038 0
l 0xfbb6cc 0x8048074 2
l 0xfbc06d 0xbfe9cf34 16
l 0xfbc073 0x8048090 0
l 0xfbc076 0x804807c 0
l 0xfbc079 0xfd14f8 0
l 0xfbc083 0xfd1698 0
s 0xfbc08b 0xfd1698 7
l 0xfbc091 0x804807c 0
l 0xfbc097 0x8048088 0
l 0xfbc09a 0xbfe9cf34 0
l 0xfbc0a2 0xfd169c 0
s 0xfbc0aa 0xfd169c 2
l 0xfbc0b0 0x804808c 0
l 0xfbc0ba 0xbfe9cf34 2
l 0xfbc0c0 0xfd16a0 0
s 0xfbc0cc 0xfd16a0 1
l 0xfbb6b6 0xbfe9d03c 6
l 0xfbb6bc 0xbfe9d038 0
l 0xfbb6cc 0x8048094 2
l 0xfbc06d 0xbfe9cf34 16
l 0xfbc073 0x80480b0 0
l 0xfbc076 0x804809c 0
l 0xfbc079 0xfd14f8 0
l 0xfbc083 0xfd1698 0
l 0xfbc097 0x80480a8 5
l 0xfbc09a 0xbfe9cf34 0
l 0xfbc0a2 0xfd169c 0
s 0xfbc0aa 0xfd169c 2
l 0xfbc0b0 0x80480ac 0
l 0xfbb6b6 0xbfe9d03c 6
l 0xfbb6bc 0xbfe9d038 0
l 0xfbb6cc 0x80480b4 2
l 0xfbc037 0xbfe9cf34 8
l 0xfbc03d 0x80480bc 0
l 0xfbc040 0xfd14f8 0
s 0xfbc044 0xfd1500 0
l 0xfbb6b6 0xbfe9d03c 6
l 0xfbb6bc 0xbfe9d038 0
l 0xfbb6cc 0x80480d4 2
l 0xfbb6b6 0xbfe9d03c 12
l 0xfbb6bc 0xbfe9d038 0
l 0xfbb6cc 0x80480f4 2
l 0xfbb6b6 0xbfe9d03c 14
l 0xfbb6bc 0xbfe9d038 0
l 0xfbb6cc 0x8048114 2
l 0xfbbe54 0x804812c 6
s 0xfbbe57 0xfd1408 0
l 0xfbb6b6 0xbfe9d03c 6
l 0xfbb6bc 0xbfe9d038 0
l 0xfbb769 0xbfe9cf34 3
l 0xfbb76f 0xfd1714 0
l 0xfbb783 0xbfe9cf34 3
l 0xfbb789 0xfd169c 0
l 0xfbb79e 0xbfe9cf34 3
l 0xfbb7a4 0xfd16a0 0
l 0xfbb7b9 0xfd11dc 2
l 0xfbb7df 0xbfe9cf2d 1
l 0xfbb7ec 0xbfe9cf34 3
l 0xfbb7f2 0xfd1500 0
l 0xfbb802 0x805b440 4
s 0xfbb80d 0xfd151c 4
l 0xfbb802 0x805b448 2
s 0xfbb80d 0xfd151c 4
l 0xfbb802 0x805b450 2
s 0xfbb80d 0xfd151c 4
l 0xfbb802 0x805b458 2
s 0xfbb80d 0xfd151c 4
l 0xfbb802 0x805b460 2
s 0xfbb80d 0xfd1548 4
l 0xfbb802 0x805b468 2
s 0xfbb80d 0xfd154c 4
l 0xfbb802 0x805b470 2
s 0xfbb80d 0xfd1528 4
l 0xfbb802 0x805b478 2
s 0xfbb80d 0xfd152c 4
l 0xfbb802 0x805b480 2
s 0xfbb80d 0xfd1530 4
l 0xfbb802 0x805b488 2
s 0xfbb80d 0xfd1540 4
l 0xfbb802 0x805b490 2
s 0xfbb80d 0xfd1544 4
l 0xfbb802 0x805b498 2
s 0xfbb80d 0xfd156c 4
l 0xfbb802 0x805b4a0 2
s 0xfbb80d 0xfd1524 4
l 0xfbb802 0x805b4a8 2
s 0xfbb80d 0xfd1520 4
l 0xfbb802 0x805b4b0 2
s 0xfbb80d 0xfd1568 4
l 0xfbb802 0x805b4b8 2
s 0xfbb80d 0xfd1574 4
l 0xfbb802 0x805b4c0 2
s 0xfbb80d 0xfd155c 4
l 0xfbb802 0x805b4c8 2
s 0xfbb80d 0xfd1560 4
l 0xfbb802 0x805b4d0 2
s 0xfbb80d 0xfd1564 4
l 0xfbb802 0x805b4d8 2
s 0xfbb82c 0xfd15a4 10
l 0xfbb802 0x805b4e0 2
s 0xfbb82c 0xfd15a0 10
